<?xml version="1.0" encoding="UTF-8"?>
<!-- Generated by org.testng.reporters.JUnitXMLReporter -->
<testsuite ignored="11" hostname="LAPTOP-28HSKGL0" failures="0" tests="2" name="Test" time="41.966" errors="0" timestamp="2026-01-13T15:10:55 IST">
  <testcase classname="contactsTest.ToCreateContactwithOrgTest" name="toCreateContactwithOrg_005" time="14.201"/>
  <testcase classname="contactsTest.ToCreateContactTest" name="toCreateContac_001" time="15.033"/>
  <testcase classname="genricUtility.BaseClass" name="@AfterSuite afterSuitConfig" time="0.0">
    <ignored/>
  </testcase> <!-- @AfterSuite afterSuitConfig -->
  <testcase classname="genricUtility.BaseClass" name="@BeforeSuite beforeSuitConfig" time="0.0">
    <ignored/>
  </testcase> <!-- @BeforeSuite beforeSuitConfig -->
  <testcase classname="genricUtility.BaseClass" name="@BeforeSuite beforeSuitConfig" time="0.0">
    <ignored/>
  </testcase> <!-- @BeforeSuite beforeSuitConfig -->
  <testcase classname="organizationTest.ToCreateOrgWithIndustryTest" name="toCreateOrgWithIndustry_003" time="0.0">
    <ignored/>
  </testcase> <!-- toCreateOrgWithIndustry_003 -->
  <testcase classname="genricUtility.BaseClass" name="@BeforeSuite beforeSuitConfig" time="0.0">
    <ignored/>
  </testcase> <!-- @BeforeSuite beforeSuitConfig -->
  <testcase classname="organizationTest.ToCreateOrgWithTypeTest" name="toCreateOrgWithType_004" time="0.0">
    <ignored/>
  </testcase> <!-- toCreateOrgWithType_004 -->
  <testcase classname="genricUtility.BaseClass" name="@AfterSuite afterSuitConfig" time="0.0">
    <ignored/>
  </testcase> <!-- @AfterSuite afterSuitConfig -->
  <testcase classname="genricUtility.BaseClass" name="@AfterSuite afterSuitConfig" time="0.0">
    <ignored/>
  </testcase> <!-- @AfterSuite afterSuitConfig -->
  <testcase classname="genricUtility.BaseClass" name="@BeforeSuite beforeSuitConfig" time="0.0">
    <ignored/>
  </testcase> <!-- @BeforeSuite beforeSuitConfig -->
  <testcase classname="genricUtility.BaseClass" name="@AfterSuite afterSuitConfig" time="0.0">
    <ignored/>
  </testcase> <!-- @AfterSuite afterSuitConfig -->
  <testcase classname="organizationTest.ToCreateorganizationTest" name="toCreateOrg_002" time="0.0">
    <ignored/>
  </testcase> <!-- toCreateOrg_002 -->
</testsuite> <!-- Test -->
