<?xml version="1.0" encoding="UTF-8"?>
<testng-results ignored="0" total="1" passed="1" failed="0" skipped="0">
  <reporter-output>
  </reporter-output>
  <suite started-at="2026-01-17T11:27:43 IST" name="Default suite" finished-at="2026-01-17T11:27:55 IST" duration-ms="12608">
    <groups>
      <group name="regression">
        <method signature="ToCreateOrgWithIndustryTest.toCreateOrgWithIndustry_003()[pri:0, instance:organizationTest.ToCreateOrgWithIndustryTest@bcec361]" name="toCreateOrgWithIndustry_003" class="organizationTest.ToCreateOrgWithIndustryTest"/>
      </group> <!-- regression -->
    </groups>
    <test started-at="2026-01-17T11:27:43 IST" name="Default test" finished-at="2026-01-17T11:27:55 IST" duration-ms="12608">
      <class name="organizationTest.ToCreateOrgWithIndustryTest">
        <test-method is-config="true" signature="beforeSuitConfig()[pri:0, instance:organizationTest.ToCreateOrgWithIndustryTest@bcec361]" started-at="2026-01-17T11:27:43 IST" name="beforeSuitConfig" finished-at="2026-01-17T11:27:43 IST" duration-ms="10" status="PASS">
          <reporter-output>
          </reporter-output>
        </test-method> <!-- beforeSuitConfig -->
        <test-method is-config="true" signature="beforeClassConfig()[pri:0, instance:organizationTest.ToCreateOrgWithIndustryTest@bcec361]" started-at="2026-01-17T11:27:43 IST" name="beforeClassConfig" finished-at="2026-01-17T11:27:45 IST" duration-ms="2255" status="PASS">
          <reporter-output>
          </reporter-output>
        </test-method> <!-- beforeClassConfig -->
        <test-method is-config="true" signature="beforeMethodConfig()[pri:0, instance:organizationTest.ToCreateOrgWithIndustryTest@bcec361]" started-at="2026-01-17T11:27:45 IST" name="beforeMethodConfig" finished-at="2026-01-17T11:27:45 IST" duration-ms="212" status="PASS">
          <reporter-output>
          </reporter-output>
        </test-method> <!-- beforeMethodConfig -->
        <test-method signature="toCreateOrgWithIndustry_003()[pri:0, instance:organizationTest.ToCreateOrgWithIndustryTest@bcec361]" started-at="2026-01-17T11:27:45 IST" name="toCreateOrgWithIndustry_003" finished-at="2026-01-17T11:27:54 IST" duration-ms="8945" status="PASS">
          <reporter-output>
          </reporter-output>
        </test-method> <!-- toCreateOrgWithIndustry_003 -->
        <test-method is-config="true" signature="afterMethodConfic()[pri:0, instance:organizationTest.ToCreateOrgWithIndustryTest@bcec361]" started-at="2026-01-17T11:27:54 IST" name="afterMethodConfic" finished-at="2026-01-17T11:27:55 IST" duration-ms="985" status="PASS">
          <reporter-output>
          </reporter-output>
        </test-method> <!-- afterMethodConfic -->
        <test-method is-config="true" signature="afterClassConfig()[pri:0, instance:organizationTest.ToCreateOrgWithIndustryTest@bcec361]" started-at="2026-01-17T11:27:55 IST" name="afterClassConfig" finished-at="2026-01-17T11:27:55 IST" duration-ms="171" status="PASS">
          <reporter-output>
          </reporter-output>
        </test-method> <!-- afterClassConfig -->
        <test-method is-config="true" signature="afterSuitConfig()[pri:0, instance:organizationTest.ToCreateOrgWithIndustryTest@bcec361]" started-at="2026-01-17T11:27:55 IST" name="afterSuitConfig" finished-at="2026-01-17T11:27:55 IST" duration-ms="0" status="PASS">
          <reporter-output>
          </reporter-output>
        </test-method> <!-- afterSuitConfig -->
      </class> <!-- organizationTest.ToCreateOrgWithIndustryTest -->
    </test> <!-- Default test -->
  </suite> <!-- Default suite -->
</testng-results>
